<?xml version="1.0" encoding="UTF-8"?>
<!-- Generated by org.testng.reporters.JUnitReportReporter -->
<testsuite hostname="jagruthi" failures="0" tests="1" name="Task.Task.NewTest" time="23.033" errors="0" timestamp="2024-03-21T21:26:54 IST" skipped="0">
  <testcase classname="Task.Task.NewTest" name="startBrowser" time="23.033"/>
</testsuite> <!-- Task.Task.NewTest -->
